2023-09-25T21:14:08.015Z - info: Authentication Type : http_signature
2023-09-25T21:14:08.015Z - info: Request Type : POST
2023-09-25T21:14:08.015Z - info: signatureHeader : keyid="08c94330-f618-42a3-b09d-e1e43be5efda", algorithm="HmacSHA256", headers="host date (request-target) digest v-c-merchant-id", signature="i43oRP/+KIOCPquz2qnsQ1eOwbQvMUO2MQkm0jlp+z8="
2023-09-25T21:14:08.015Z - info: digest : SHA-256=iC+gdebjz3OLHhs0kxqHebxTYMSZiS5+yLtTClf9CQI=
2023-09-25T21:14:08.015Z - info: v-c-merchant-id : testrest
2023-09-25T21:14:08.015Z - info: date : Mon, 25 Sep 2023 21:14:08 GMT
2023-09-25T21:14:08.015Z - info: host : apitest.cybersource.com
2023-09-25T21:14:08.015Z - info: signature : keyid="08c94330-f618-42a3-b09d-e1e43be5efda", algorithm="HmacSHA256", headers="host date (request-target) digest v-c-merchant-id", signature="i43oRP/+KIOCPquz2qnsQ1eOwbQvMUO2MQkm0jlp+z8="
2023-09-25T21:14:08.016Z - info: User-Agent : Mozilla/5.0
2023-09-25T21:14:08.016Z - info: END > =========================================
2023-09-25T21:14:08.014Z - info: START > =======================================
2023-09-25T21:14:08.014Z - warn: Entered log directory does not exists. Taking default log directory ./log
2023-09-25T21:14:08.867Z - info: START > =======================================
2023-09-25T21:14:08.867Z - warn: Entered log directory does not exists. Taking default log directory ./log
2023-09-25T21:14:08.867Z - info: Authentication Type : http_signature
2023-09-25T21:14:08.867Z - info: Request Type : POST
2023-09-25T21:14:08.867Z - info: signatureHeader : keyid="08c94330-f618-42a3-b09d-e1e43be5efda", algorithm="HmacSHA256", headers="host date (request-target) digest v-c-merchant-id", signature="i43oRP/+KIOCPquz2qnsQ1eOwbQvMUO2MQkm0jlp+z8="
2023-09-25T21:14:08.867Z - info: digest : SHA-256=iC+gdebjz3OLHhs0kxqHebxTYMSZiS5+yLtTClf9CQI=
2023-09-25T21:14:08.867Z - info: v-c-merchant-id : testrest
2023-09-25T21:14:08.867Z - info: date : Mon, 25 Sep 2023 21:14:08 GMT
2023-09-25T21:14:08.867Z - info: host : apitest.cybersource.com
2023-09-25T21:14:08.867Z - info: signature : keyid="08c94330-f618-42a3-b09d-e1e43be5efda", algorithm="HmacSHA256", headers="host date (request-target) digest v-c-merchant-id", signature="i43oRP/+KIOCPquz2qnsQ1eOwbQvMUO2MQkm0jlp+z8="
2023-09-25T21:14:08.867Z - info: User-Agent : Mozilla/5.0
2023-09-25T21:14:08.867Z - info: END > =========================================
2023-09-25T21:18:47.292Z - info: START > =======================================
2023-09-25T21:18:47.292Z - warn: Entered log directory does not exists. Taking default log directory ./log
2023-09-25T21:18:47.293Z - info: Authentication Type : http_signature
2023-09-25T21:18:47.293Z - info: Request Type : POST
2023-09-25T21:18:47.294Z - info: signatureHeader : keyid="08c94330-f618-42a3-b09d-e1e43be5efda", algorithm="HmacSHA256", headers="host date (request-target) digest v-c-merchant-id", signature="0LjVc2mCcUJbVV6x8ewnMu5+54JvWTIrxw4dgk/hqSE="
2023-09-25T21:18:47.294Z - info: digest : SHA-256=iC+gdebjz3OLHhs0kxqHebxTYMSZiS5+yLtTClf9CQI=
2023-09-25T21:18:47.294Z - info: v-c-merchant-id : testrest
2023-09-25T21:18:47.294Z - info: date : Mon, 25 Sep 2023 21:18:47 GMT
2023-09-25T21:18:47.294Z - info: host : apitest.cybersource.com
2023-09-25T21:18:47.294Z - info: signature : keyid="08c94330-f618-42a3-b09d-e1e43be5efda", algorithm="HmacSHA256", headers="host date (request-target) digest v-c-merchant-id", signature="0LjVc2mCcUJbVV6x8ewnMu5+54JvWTIrxw4dgk/hqSE="
2023-09-25T21:18:47.294Z - info: User-Agent : Mozilla/5.0
2023-09-25T21:18:47.294Z - info: END > =========================================
2023-09-25T21:18:48.186Z - info: START > =======================================
2023-09-25T21:18:48.186Z - warn: Entered log directory does not exists. Taking default log directory ./log
2023-09-25T21:18:48.186Z - info: Authentication Type : http_signature
2023-09-25T21:18:48.186Z - info: Request Type : POST
2023-09-25T21:18:48.187Z - info: signatureHeader : keyid="08c94330-f618-42a3-b09d-e1e43be5efda", algorithm="HmacSHA256", headers="host date (request-target) digest v-c-merchant-id", signature="3vLzsWP0WK8i5Iwropn+J46CccB+w/WKvjj0rdCDvWo="
2023-09-25T21:18:48.187Z - info: digest : SHA-256=iC+gdebjz3OLHhs0kxqHebxTYMSZiS5+yLtTClf9CQI=
2023-09-25T21:18:48.187Z - info: v-c-merchant-id : testrest
2023-09-25T21:18:48.187Z - info: date : Mon, 25 Sep 2023 21:18:48 GMT
2023-09-25T21:18:48.187Z - info: host : apitest.cybersource.com
2023-09-25T21:18:48.187Z - info: signature : keyid="08c94330-f618-42a3-b09d-e1e43be5efda", algorithm="HmacSHA256", headers="host date (request-target) digest v-c-merchant-id", signature="3vLzsWP0WK8i5Iwropn+J46CccB+w/WKvjj0rdCDvWo="
2023-09-25T21:18:48.187Z - info: User-Agent : Mozilla/5.0
2023-09-25T21:18:48.187Z - info: END > =========================================
